Using pre-set license
Built from '2022.3/staging' branch; Version is '2022.3.42f1 (2dcb6a0abc42) revision 3001194'; Using compiler version '192829333'; Build Type 'Release'
OS: 'Windows 10  (10.0.19045) 64bit Core' Language: 'en' Physical Memory: 7739 MB
BatchMode: 1, IsHumanControllingUs: 0, StartBugReporterOnCrash: 0, Is64bit: 1, IsPro: 1

COMMAND LINE ARGUMENTS:
C:\Program Files\Unity\Hub\Editor\2022.3.42f1\Editor\Unity.exe
-adb2
-batchMode
-noUpm
-name
AssetImportWorker1
-projectPath
C:/Users/eveli/OneDrive/Documents/Portfolio/Programming projects/Games/Template/GameJamMcGill2025/Template
-logFile
Logs/AssetImportWorker1.log
-srvPort
53392
Successfully changed project path to: C:/Users/eveli/OneDrive/Documents/Portfolio/Programming projects/Games/Template/GameJamMcGill2025/Template
C:/Users/eveli/OneDrive/Documents/Portfolio/Programming projects/Games/Template/GameJamMcGill2025/Template
[UnityMemory] Configuration Parameters - Can be set up in boot.config
    "memorysetup-bucket-allocator-granularity=16"
    "memorysetup-bucket-allocator-bucket-count=8"
    "memorysetup-bucket-allocator-block-size=33554432"
    "memorysetup-bucket-allocator-block-count=8"
    "memorysetup-main-allocator-block-size=16777216"
    "memorysetup-thread-allocator-block-size=16777216"
    "memorysetup-gfx-main-allocator-block-size=16777216"
    "memorysetup-gfx-thread-allocator-block-size=16777216"
    "memorysetup-cache-allocator-block-size=4194304"
    "memorysetup-typetree-allocator-block-size=2097152"
    "memorysetup-profiler-bucket-allocator-granularity=16"
    "memorysetup-profiler-bucket-allocator-bucket-count=8"
    "memorysetup-profiler-bucket-allocator-block-size=33554432"
    "memorysetup-profiler-bucket-allocator-block-count=8"
    "memorysetup-profiler-allocator-block-size=16777216"
    "memorysetup-profiler-editor-allocator-block-size=1048576"
    "memorysetup-temp-allocator-size-main=16777216"
    "memorysetup-job-temp-allocator-block-size=2097152"
    "memorysetup-job-temp-allocator-block-size-background=1048576"
    "memorysetup-job-temp-allocator-reduction-small-platforms=262144"
    "memorysetup-allocator-temp-initial-block-size-main=262144"
    "memorysetup-allocator-temp-initial-block-size-worker=262144"
    "memorysetup-temp-allocator-size-background-worker=32768"
    "memorysetup-temp-allocator-size-job-worker=262144"
    "memorysetup-temp-allocator-size-preload-manager=33554432"
    "memorysetup-temp-allocator-size-nav-mesh-worker=65536"
    "memorysetup-temp-allocator-size-audio-worker=65536"
    "memorysetup-temp-allocator-size-cloud-worker=32768"
    "memorysetup-temp-allocator-size-gi-baking-worker=262144"
    "memorysetup-temp-allocator-size-gfx=262144"
Player connection [9000]  Target information:

Player connection [9000]  * "[IP] 172.24.49.35 [Port] 0 [Flags] 2 [Guid] 4007284497 [EditorId] 4007284497 [Version] 1048832 [Id] WindowsEditor(7,DESKTOP-GCC9TVT) [Debug] 1 [PackageName] WindowsEditor [ProjectName] Editor" 

Player connection [9000]  * "[IP] 172.18.6.219 [Port] 0 [Flags] 2 [Guid] 4007284497 [EditorId] 4007284497 [Version] 1048832 [Id] WindowsEditor(7,DESKTOP-GCC9TVT) [Debug] 1 [PackageName] WindowsEditor [ProjectName] Editor" 

Player connection [9000] Host joined multi-casting on [225.0.0.222:54997]...
Player connection [9000] Host joined alternative multi-casting on [225.0.0.222:34997]...
[PhysX] Initialized MultithreadedTaskDispatcher with 8 workers.
Refreshing native plugins compatible for Editor in 51.10 ms, found 4 plugins.
Preloading 0 native plugins for Editor in 0.00 ms.
Initialize engine version: 2022.3.42f1 (2dcb6a0abc42)
[Subsystems] Discovering subsystems at path C:/Program Files/Unity/Hub/Editor/2022.3.42f1/Editor/Data/Resources/UnitySubsystems
[Subsystems] Discovering subsystems at path C:/Users/eveli/OneDrive/Documents/Portfolio/Programming projects/Games/Template/GameJamMcGill2025/Template/Assets
GfxDevice: creating device client; threaded=0; jobified=0
Direct3D:
    Version:  Direct3D 11.0 [level 11.1]
    Renderer: Intel(R) Iris(R) Xe Graphics (ID=0x9a49)
    Vendor:   Intel
    VRAM:     3869 MB
    Driver:   30.0.101.1960
Initialize mono
Mono path[0] = 'C:/Program Files/Unity/Hub/Editor/2022.3.42f1/Editor/Data/Managed'
Mono path[1] = 'C:/Program Files/Unity/Hub/Editor/2022.3.42f1/Editor/Data/MonoBleedingEdge/lib/mono/unityjit-win32'
Mono config path = 'C:/Program Files/Unity/Hub/Editor/2022.3.42f1/Editor/Data/MonoBleedingEdge/etc'
Using monoOptions --debugger-agent=transport=dt_socket,embedding=1,server=y,suspend=n,address=127.0.0.1:56216
Begin MonoManager ReloadAssembly
Registering precompiled unity dll's ...
Register platform support module: C:/Program Files/Unity/Hub/Editor/2022.3.42f1/Editor/Data/PlaybackEngines/MacStandaloneSupport/UnityEditor.OSXStandalone.Extensions.dll
Register platform support module: C:/Program Files/Unity/Hub/Editor/2022.3.42f1/Editor/Data/PlaybackEngines/iOSSupport/UnityEditor.iOS.Extensions.dll
Register platform support module: C:/Program Files/Unity/Hub/Editor/2022.3.42f1/Editor/Data/PlaybackEngines/WindowsStandaloneSupport/UnityEditor.WindowsStandalone.Extensions.dll
Registered in 0.021089 seconds.
- Loaded All Assemblies, in  0.584 seconds
Native extension for WindowsStandalone target not found
[usbmuxd] Start listen thread
[usbmuxd] Listen thread started
Native extension for iOS target not found
Native extension for OSXStandalone target not found
Mono: successfully reloaded assembly
- Finished resetting the current domain, in  0.379 seconds
Domain Reload Profiling: 961ms
	BeginReloadAssembly (200ms)
		ExecutionOrderSort (0ms)
		DisableScriptedObjects (0ms)
		BackupInstance (0ms)
		ReleaseScriptingObjects (0ms)
		CreateAndSetChildDomain (1ms)
	RebuildCommonClasses (42ms)
	RebuildNativeTypeToScriptingClass (16ms)
	initialDomainReloadingComplete (78ms)
	LoadAllAssembliesAndSetupDomain (246ms)
		LoadAssemblies (197ms)
		RebuildTransferFunctionScriptingTraits (0ms)
		AnalyzeDomain (243ms)
			TypeCache.Refresh (241ms)
				TypeCache.ScanAssembly (223ms)
			ScanForSourceGeneratedMonoScriptInfo (0ms)
			ResolveRequiredComponents (0ms)
	FinalizeReload (379ms)
		ReleaseScriptCaches (0ms)
		RebuildScriptCaches (0ms)
		SetupLoadedEditorAssemblies (319ms)
			LogAssemblyErrors (0ms)
			InitializePlatformSupportModulesInManaged (50ms)
			SetLoadedEditorAssemblies (6ms)
			RefreshPlugins (0ms)
			BeforeProcessingInitializeOnLoad (4ms)
			ProcessInitializeOnLoadAttributes (192ms)
			ProcessInitializeOnLoadMethodAttributes (67ms)
			AfterProcessingInitializeOnLoad (0ms)
			EditorAssembliesLoaded (0ms)
		ExecutionOrderSort2 (0ms)
		AwakeInstancesAfterBackupRestoration (0ms)
========================================================================
Worker process is ready to serve import requests
Caller must complete domain reload
Begin MonoManager ReloadAssembly
- Loaded All Assemblies, in  1.769 seconds
Native extension for WindowsStandalone target not found
Native extension for iOS target not found
Native extension for OSXStandalone target not found
Mono: successfully reloaded assembly
- Finished resetting the current domain, in  2.750 seconds
Domain Reload Profiling: 4519ms
	BeginReloadAssembly (281ms)
		ExecutionOrderSort (0ms)
		DisableScriptedObjects (9ms)
		BackupInstance (0ms)
		ReleaseScriptingObjects (0ms)
		CreateAndSetChildDomain (36ms)
	RebuildCommonClasses (70ms)
	RebuildNativeTypeToScriptingClass (24ms)
	initialDomainReloadingComplete (90ms)
	LoadAllAssembliesAndSetupDomain (1300ms)
		LoadAssemblies (992ms)
		RebuildTransferFunctionScriptingTraits (0ms)
		AnalyzeDomain (472ms)
			TypeCache.Refresh (392ms)
				TypeCache.ScanAssembly (354ms)
			ScanForSourceGeneratedMonoScriptInfo (60ms)
			ResolveRequiredComponents (18ms)
	FinalizeReload (2753ms)
		ReleaseScriptCaches (0ms)
		RebuildScriptCaches (0ms)
		SetupLoadedEditorAssemblies (1894ms)
			LogAssemblyErrors (0ms)
			InitializePlatformSupportModulesInManaged (72ms)
			SetLoadedEditorAssemblies (9ms)
			RefreshPlugins (0ms)
			BeforeProcessingInitializeOnLoad (158ms)
			ProcessInitializeOnLoadAttributes (1563ms)
			ProcessInitializeOnLoadMethodAttributes (77ms)
			AfterProcessingInitializeOnLoad (15ms)
			EditorAssembliesLoaded (0ms)
		ExecutionOrderSort2 (0ms)
		AwakeInstancesAfterBackupRestoration (18ms)
Launched and connected shader compiler UnityShaderCompiler.exe after 0.11 seconds
Refreshing native plugins compatible for Editor in 26.93 ms, found 4 plugins.
Preloading 0 native plugins for Editor in 0.00 ms.
Unloading 4507 Unused Serialized files (Serialized files now loaded: 0)
Unloading 45 unused Assets / (130.2 KB). Loaded Objects now: 4979.
Memory consumption went from 153.8 MB to 153.6 MB.
Total: 15.145800 ms (FindLiveObjects: 1.040000 ms CreateObjectMapping: 0.509900 ms MarkObjects: 8.467600 ms  DeleteObjects: 5.126700 ms)

AssetImportParameters requested are different than current active one (requested -> active):
  custom:container-demuxer-ogg: 62fdf1f143b41e24485cea50d1cbac27 -> 
  custom:video-codec-MediaFoundation-h265: 746d11721c4dcdbdad8f713fa42b33f4 -> 
  custom:video-decoder-ogg-theora: a1e56fd34408186e4bbccfd4996cb3dc -> 
  custom:framework-win-MediaFoundation: 216162199b28c13a410421893ffa2e32 -> 
  custom:CustomObjectIndexerAttribute: 9a22284fe3817be447336de3de66b15e -> 
  custom:container-demuxer-webm: 4f35f7cbe854078d1ac9338744f61a02 -> 
  custom:container-muxer-webm: aa71ff27fc2769a1b78a27578f13a17b -> 
  custom:video-decoder-webm-vp8: 9c59270c3fd7afecdb556c50c9e8de78 -> 
  custom:SearchIndexIgnoredProperties: e643bd26f0fe6173181afceb89e7c659 -> 
  custom:AudioImporter_EditorPlatform: d09bf68614088b80899f8185d706f6e7 -> 
  custom:video-encoder-webm-vp8: eb34c28f22e8b96e1ab97ce403110664 -> 
  custom:audio-decoder-ogg-vorbis: bf7c407c2cedff20999df2af8eb42d56 -> 
  custom:audio-encoder-webm-vorbis: bf7c407c2cedff20999df2af8eb42d56 -> 
========================================================================
Received Import Request.
  Time since last request: 203027.361117 seconds.
  path: Assets/Scenes
  artifactKey: Guid(ca636b68bff7a8f42aa9b6dc615c2f07) Importer(815301076,1909f56bfc062723c751e8b465ee728b)
Start importing Assets/Scenes using Guid(ca636b68bff7a8f42aa9b6dc615c2f07) Importer(815301076,1909f56bfc062723c751e8b465ee728b) [PhysX] Initialized MultithreadedTaskDispatcher with 8 workers.
 -> (artifact id: '1526c8163c7f3994734862e5390e7ab2') in 0.024389 seconds
Number of updated asset objects reloaded before import = 0
Number of asset objects unloaded after import = 0
========================================================================
Received Import Request.
  Time since last request: 0.000174 seconds.
  path: Assets/Scenes/MainMenu.unity
  artifactKey: Guid(fe02e8b4ec216a446bc26e9df677270e) Importer(815301076,1909f56bfc062723c751e8b465ee728b)
Start importing Assets/Scenes/MainMenu.unity using Guid(fe02e8b4ec216a446bc26e9df677270e) Importer(815301076,1909f56bfc062723c751e8b465ee728b) [PhysX] Initialized MultithreadedTaskDispatcher with 8 workers.
 -> (artifact id: 'f3f6e203276303e6d8c8c4d1da404edd') in 0.002040 seconds
Number of updated asset objects reloaded before import = 0
Number of asset objects unloaded after import = 0
========================================================================
Received Import Request.
  Time since last request: 0.000099 seconds.
  path: Assets/Assets/MenuBackground.jpg
  artifactKey: Guid(26b3faabb3c84f64fa238c62555ed9d9) Importer(815301076,1909f56bfc062723c751e8b465ee728b)
Start importing Assets/Assets/MenuBackground.jpg using Guid(26b3faabb3c84f64fa238c62555ed9d9) Importer(815301076,1909f56bfc062723c751e8b465ee728b) [PhysX] Initialized MultithreadedTaskDispatcher with 8 workers.
[PhysX] Initialized MultithreadedTaskDispatcher with 8 workers.
 -> (artifact id: '9a851a33bded7219813ea4b97a36028a') in 0.276002 seconds
Number of updated asset objects reloaded before import = 0
Number of asset objects unloaded after import = 3
========================================================================
Received Import Request.
  Time since last request: 1231.873401 seconds.
  path: Packages/com.unity.2d.spriteshape/Editor/ObjectMenuCreation/DefaultAssets/Sprite Shapes/Open Sprite Shape.prefab
  artifactKey: Guid(86ae7de409eb54f619fb1328e4d42480) Importer(815301076,1909f56bfc062723c751e8b465ee728b)
Start importing Packages/com.unity.2d.spriteshape/Editor/ObjectMenuCreation/DefaultAssets/Sprite Shapes/Open Sprite Shape.prefab using Guid(86ae7de409eb54f619fb1328e4d42480) Importer(815301076,1909f56bfc062723c751e8b465ee728b) [PhysX] Initialized MultithreadedTaskDispatcher with 8 workers.
[PhysX] Initialized MultithreadedTaskDispatcher with 8 workers.
 -> (artifact id: 'f3d5f08e8e790ed8f6a24130a26893d7') in 0.621109 seconds
Number of updated asset objects reloaded before import = 0
Number of asset objects unloaded after import = 14
========================================================================
Received Prepare
Caller must complete domain reload
Begin MonoManager ReloadAssembly
- Loaded All Assemblies, in  4.254 seconds
Native extension for WindowsStandalone target not found
Native extension for iOS target not found
Native extension for OSXStandalone target not found
Mono: successfully reloaded assembly
- Finished resetting the current domain, in  1.282 seconds
Domain Reload Profiling: 5539ms
	BeginReloadAssembly (2653ms)
		ExecutionOrderSort (0ms)
		DisableScriptedObjects (2063ms)
		BackupInstance (0ms)
		ReleaseScriptingObjects (0ms)
		CreateAndSetChildDomain (275ms)
	RebuildCommonClasses (69ms)
	RebuildNativeTypeToScriptingClass (17ms)
	initialDomainReloadingComplete (56ms)
	LoadAllAssembliesAndSetupDomain (1461ms)
		LoadAssemblies (1564ms)
		RebuildTransferFunctionScriptingTraits (0ms)
		AnalyzeDomain (127ms)
			TypeCache.Refresh (55ms)
				TypeCache.ScanAssembly (4ms)
			ScanForSourceGeneratedMonoScriptInfo (39ms)
			ResolveRequiredComponents (29ms)
	FinalizeReload (1283ms)
		ReleaseScriptCaches (0ms)
		RebuildScriptCaches (0ms)
		SetupLoadedEditorAssemblies (938ms)
			LogAssemblyErrors (0ms)
			InitializePlatformSupportModulesInManaged (51ms)
			SetLoadedEditorAssemblies (7ms)
			RefreshPlugins (0ms)
			BeforeProcessingInitializeOnLoad (118ms)
			ProcessInitializeOnLoadAttributes (677ms)
			ProcessInitializeOnLoadMethodAttributes (73ms)
			AfterProcessingInitializeOnLoad (11ms)
			EditorAssembliesLoaded (1ms)
		ExecutionOrderSort2 (0ms)
		AwakeInstancesAfterBackupRestoration (27ms)
Refreshing native plugins compatible for Editor in 8.34 ms, found 4 plugins.
Preloading 0 native plugins for Editor in 0.00 ms.
Unloading 4527 Unused Serialized files (Serialized files now loaded: 0)
Unloading 19 unused Assets / (101.9 KB). Loaded Objects now: 5053.
Memory consumption went from 153.3 MB to 153.2 MB.
Total: 10.343700 ms (FindLiveObjects: 1.402300 ms CreateObjectMapping: 0.706900 ms MarkObjects: 8.040500 ms  DeleteObjects: 0.191400 ms)

Prepare: number of updated asset objects reloaded= 0
AssetImportParameters requested are different than current active one (requested -> active):
  custom:scripting/monoscript/fileName/UdpSocket.cs: 7555d065f81d23e6604acb91cf79ddd6 -> 
  custom:scripting/monoscript/fileName/Image.cs: f32195bbbc1ca9edcb6c8c6185597e40 -> dab426e5f5622a0f37965b80d0c94886
  custom:scripting/monoscript/fileName/Cli.cs: d287e08b50f2cb135aa4d7f8e01b7ef9 -> 
  custom:scripting/monoscript/fileName/KnownAssemblies.cs: 286bea9f8fcee5e392f6fc0f0cd541c8 -> 
  custom:scripting/monoscript/fileName/SimpleJSON.cs: 70c028a07c79c166db015acda1282d86 -> 
  custom:container-demuxer-ogg: 62fdf1f143b41e24485cea50d1cbac27 -> 
  custom:scripting/monoscript/fileName/SolutionProjectEntry.cs: 68cea09e9af09443edf61e18806ac1c2 -> 
  custom:scripting/monoscript/fileName/TcpListener.cs: 940bfdac0e91ad2884e6359468f2782a -> 
  custom:scripting/monoscript/fileName/TcpClient.cs: a949cfd4c46427829913ee0195fa0103 -> 
  custom:video-codec-MediaFoundation-h265: 746d11721c4dcdbdad8f713fa42b33f4 -> 
  custom:scripting/monoscript/fileName/LegacyStyleProjectGeneration.cs: 4858a0ab74312ccaa3ff27a510a9d575 -> 
  custom:scripting/monoscript/fileName/FileUtility.cs: 2d70b80c72be1fb3b2b89ce0939e8cef -> f1c9dfcabbfb8a9ef4a7dc54d85584c3
  custom:video-decoder-ogg-theora: a1e56fd34408186e4bbccfd4996cb3dc -> 
  custom:framework-win-MediaFoundation: 216162199b28c13a410421893ffa2e32 -> 
  custom:scripting/monoscript/fileName/Messenger.cs: f4ebc46d09b2b4de489946914db2aae0 -> 
  custom:scripting/monoscript/fileName/ProcessRunner.cs: 932a2a80cb9a3539199f645deff3c585 -> 
  custom:scripting/monoscript/fileName/ExceptionEventArgs.cs: 27cb4c00a4137b184e01164606c88685 -> 
  custom:scripting/monoscript/fileName/ProjectGeneration.cs: 214ca3c28296f47a7d19f1fd999fc81d -> 
  custom:scripting/monoscript/fileName/Symbols.cs: 27613575e8bda8a6448f80ff27c488f9 -> 
  custom:scripting/monoscript/fileName/VersionPair.cs: 88b4a0b7e953537f26ded0a68cf4c238 -> 
  custom:CustomObjectIndexerAttribute: 9a22284fe3817be447336de3de66b15e -> 
  custom:scripting/monoscript/fileName/TestResultAdaptor.cs: fb4db3971d5379750cda884e7e44e3e4 -> 01f13b05c54997e79e13f4344e180695
  custom:scripting/monoscript/fileName/VisualStudioEditor.cs: 21e59f688ad500ab61aca318850ec505 -> 
  custom:scripting/monoscript/fileName/VisualStudioInstallation.cs: 41612f13db7783c8635801ab159c1079 -> 
  custom:container-demuxer-webm: 4f35f7cbe854078d1ac9338744f61a02 -> 
  custom:scripting/monoscript/fileName/Solution.cs: 8bc97d0abd509f39b67b3a5bbac1b9a1 -> 
  custom:scripting/monoscript/fileName/GUIDProvider.cs: e95f79fad3d1354cc56eebd7db9ee6a3 -> 
  custom:container-muxer-webm: aa71ff27fc2769a1b78a27578f13a17b -> 
  custom:video-decoder-webm-vp8: 9c59270c3fd7afecdb556c50c9e8de78 -> 
  custom:scripting/monoscript/fileName/MessageEventArgs.cs: 528473bbcee3623fe954627c6bfadd2e -> 
  custom:SearchIndexIgnoredProperties: e643bd26f0fe6173181afceb89e7c659 -> 
  custom:scripting/monoscript/fileName/ProjectProperties.cs: 407063898a13eaad2cd100e43551c6b5 -> 
  custom:AudioImporter_EditorPlatform: d09bf68614088b80899f8185d706f6e7 -> 
  custom:scripting/monoscript/fileName/UnityInstallation.cs: 0ba30d4545f2c34a9323456723b5dbfe -> 
  custom:scripting/monoscript/fileName/VisualStudioForWindowsInstallation.cs: 468ed6fb57813d3de23aa53f5f59c2eb -> 
  custom:scripting/monoscript/fileName/SolutionParser.cs: 240a75b5fc2682997268aa77e6a1dd86 -> 
  custom:scripting/monoscript/fileName/TestAdaptor.cs: 486cec8559bad7c56adc699f165feb67 -> 1eba32971501e8ea77656cefad78e8dd
  custom:scripting/monoscript/fileName/Discovery.cs: 2653aab1b250aaf4e3b996846f31c100 -> 
  custom:scripting/monoscript/fileName/VisualStudioIntegration.cs: f9e623c49f9f20ea97a4519aa48d72d4 -> 
  custom:scripting/monoscript/fileName/FileIOProvider.cs: c6be7d53b71e2f5ee2ecc596b7a7eb95 -> 
  custom:scripting/monoscript/fileName/SdkStyleProjectGeneration.cs: bbd8a39d16aad1a0b8d5240b1f43f4a4 -> 
  custom:video-encoder-webm-vp8: eb34c28f22e8b96e1ab97ce403110664 -> 
  custom:audio-decoder-ogg-vorbis: bf7c407c2cedff20999df2af8eb42d56 -> 
  custom:scripting/monoscript/fileName/SolutionProperties.cs: ab8751e49ae2f3d9994444a0a38619bd -> 
  custom:scripting/monoscript/fileName/TestRunnerApiListener.cs: cc17cec8825a8f933d6ecbd68d51f1de -> 
  custom:scripting/monoscript/fileName/AssemblyNameProvider.cs: 79a56fbd4fb93531a5e76fae2fee1660 -> 
  custom:scripting/monoscript/fileName/Serializer.cs: d7df1b97d0a3bd0bb98fd4d2d5bf5d29 -> 
  custom:scripting/monoscript/fileName/Message.cs: 671a789acb2c7a93d0b620fe02979957 -> 8bedd82aba9fbcb31fd5e4f234690efd
  custom:scripting/monoscript/fileName/Deserializer.cs: 1cc72e9ed2428cc6d6ce2d4d2ad7b02b -> 
  custom:scripting/precompiled-assembly-types:Unity.VisualStudio.Editor: 8196c7ff3a716df6975b114b464f1975 -> 
  custom:audio-encoder-webm-vorbis: bf7c407c2cedff20999df2af8eb42d56 -> 
  custom:scripting/monoscript/fileName/TestRunnerCallbacks.cs: 5627cb9f4ed769fba607b0cab8e9e63d -> 
  custom:scripting/monoscript/fileName/AsyncOperation.cs: 90647cc400823b41df847a6cbfc29026 -> 
  custom:scripting/monoscript/fileName/UsageUtility.cs: 5ed3d13206b2b96245ce59a5c83beed1 -> 
  custom:scripting/monoscript/fileName/VisualStudioCodeInstallation.cs: 6b6ec59c4ff0bddfc5db8b3c453d5172 -> 
========================================================================
Received Prepare
Caller must complete domain reload
Begin MonoManager ReloadAssembly
- Loaded All Assemblies, in  1.042 seconds
Native extension for WindowsStandalone target not found
Native extension for iOS target not found
Native extension for OSXStandalone target not found
Mono: successfully reloaded assembly
- Finished resetting the current domain, in  2.990 seconds
Domain Reload Profiling: 4028ms
	BeginReloadAssembly (321ms)
		ExecutionOrderSort (0ms)
		DisableScriptedObjects (20ms)
		BackupInstance (0ms)
		ReleaseScriptingObjects (0ms)
		CreateAndSetChildDomain (67ms)
	RebuildCommonClasses (62ms)
	RebuildNativeTypeToScriptingClass (23ms)
	initialDomainReloadingComplete (64ms)
	LoadAllAssembliesAndSetupDomain (567ms)
		LoadAssemblies (683ms)
		RebuildTransferFunctionScriptingTraits (0ms)
		AnalyzeDomain (63ms)
			TypeCache.Refresh (16ms)
				TypeCache.ScanAssembly (1ms)
			ScanForSourceGeneratedMonoScriptInfo (29ms)
			ResolveRequiredComponents (16ms)
	FinalizeReload (2991ms)
		ReleaseScriptCaches (0ms)
		RebuildScriptCaches (0ms)
		SetupLoadedEditorAssemblies (834ms)
			LogAssemblyErrors (0ms)
			InitializePlatformSupportModulesInManaged (42ms)
			SetLoadedEditorAssemblies (6ms)
			RefreshPlugins (0ms)
			BeforeProcessingInitializeOnLoad (108ms)
			ProcessInitializeOnLoadAttributes (612ms)
			ProcessInitializeOnLoadMethodAttributes (56ms)
			AfterProcessingInitializeOnLoad (9ms)
			EditorAssembliesLoaded (0ms)
		ExecutionOrderSort2 (0ms)
		AwakeInstancesAfterBackupRestoration (19ms)
Refreshing native plugins compatible for Editor in 6.93 ms, found 4 plugins.
Preloading 0 native plugins for Editor in 0.00 ms.
Unloading 4536 Unused Serialized files (Serialized files now loaded: 0)
Unloading 19 unused Assets / (101.9 KB). Loaded Objects now: 5077.
Memory consumption went from 153.8 MB to 153.7 MB.
Total: 6.283900 ms (FindLiveObjects: 0.374900 ms CreateObjectMapping: 0.181700 ms MarkObjects: 5.651200 ms  DeleteObjects: 0.074900 ms)

Prepare: number of updated asset objects reloaded= 0
AssetImportParameters requested are different than current active one (requested -> active):
  custom:scripting/monoscript/fileName/UdpSocket.cs: 7555d065f81d23e6604acb91cf79ddd6 -> 
  custom:scripting/monoscript/fileName/Image.cs: f32195bbbc1ca9edcb6c8c6185597e40 -> dab426e5f5622a0f37965b80d0c94886
  custom:scripting/monoscript/fileName/Cli.cs: d287e08b50f2cb135aa4d7f8e01b7ef9 -> 
  custom:scripting/monoscript/fileName/KnownAssemblies.cs: 286bea9f8fcee5e392f6fc0f0cd541c8 -> 
  custom:scripting/monoscript/fileName/SimpleJSON.cs: 70c028a07c79c166db015acda1282d86 -> 
  custom:container-demuxer-ogg: 62fdf1f143b41e24485cea50d1cbac27 -> 
  custom:scripting/monoscript/fileName/SolutionProjectEntry.cs: 68cea09e9af09443edf61e18806ac1c2 -> 
  custom:scripting/monoscript/fileName/TcpListener.cs: 940bfdac0e91ad2884e6359468f2782a -> 
  custom:scripting/monoscript/fileName/TcpClient.cs: a949cfd4c46427829913ee0195fa0103 -> 
  custom:video-codec-MediaFoundation-h265: 746d11721c4dcdbdad8f713fa42b33f4 -> 
  custom:scripting/monoscript/fileName/LegacyStyleProjectGeneration.cs: 4858a0ab74312ccaa3ff27a510a9d575 -> 
  custom:scripting/monoscript/fileName/FileUtility.cs: 2d70b80c72be1fb3b2b89ce0939e8cef -> f1c9dfcabbfb8a9ef4a7dc54d85584c3
  custom:video-decoder-ogg-theora: a1e56fd34408186e4bbccfd4996cb3dc -> 
  custom:framework-win-MediaFoundation: 216162199b28c13a410421893ffa2e32 -> 
  custom:scripting/monoscript/fileName/VSCodeScriptEditor.cs: 976f19e81f1a1748ecd5ce0eeab6e373 -> 
  custom:scripting/monoscript/fileName/Messenger.cs: f4ebc46d09b2b4de489946914db2aae0 -> 
  custom:scripting/monoscript/fileName/ProcessRunner.cs: 932a2a80cb9a3539199f645deff3c585 -> 
  custom:scripting/monoscript/fileName/ExceptionEventArgs.cs: 27cb4c00a4137b184e01164606c88685 -> 
  custom:scripting/monoscript/fileName/FileIO.cs: e12d7b1846fe00e4e229609939e0062b -> 
  custom:scripting/monoscript/fileName/ProjectGeneration.cs: b9f6284f948e0370cd7063e722924830 -> 
  custom:scripting/monoscript/fileName/Symbols.cs: 27613575e8bda8a6448f80ff27c488f9 -> 
  custom:scripting/monoscript/fileName/VersionPair.cs: 88b4a0b7e953537f26ded0a68cf4c238 -> 
  custom:scripting/monoscript/fileName/GUIDGenerator.cs: 6dd6e35608006bcfade7642e5de04c6b -> 
  custom:CustomObjectIndexerAttribute: 9a22284fe3817be447336de3de66b15e -> 
  custom:scripting/monoscript/fileName/TestResultAdaptor.cs: fb4db3971d5379750cda884e7e44e3e4 -> 01f13b05c54997e79e13f4344e180695
  custom:scripting/monoscript/fileName/VisualStudioEditor.cs: 21e59f688ad500ab61aca318850ec505 -> 
  custom:scripting/monoscript/fileName/VisualStudioInstallation.cs: 41612f13db7783c8635801ab159c1079 -> 
  custom:container-demuxer-webm: 4f35f7cbe854078d1ac9338744f61a02 -> 
  custom:scripting/monoscript/fileName/StringUtils.cs: f71839f7ce56b3794c992a841905b26c -> 
  custom:scripting/monoscript/fileName/Solution.cs: 8bc97d0abd509f39b67b3a5bbac1b9a1 -> 
  custom:scripting/monoscript/fileName/VSCodeDiscovery.cs: d83b4aff57b85f583bfc60cfbb7e527e -> 
  custom:scripting/monoscript/fileName/GUIDProvider.cs: e95f79fad3d1354cc56eebd7db9ee6a3 -> 
  custom:container-muxer-webm: aa71ff27fc2769a1b78a27578f13a17b -> 
  custom:video-decoder-webm-vp8: 9c59270c3fd7afecdb556c50c9e8de78 -> 
  custom:scripting/monoscript/fileName/MessageEventArgs.cs: 528473bbcee3623fe954627c6bfadd2e -> 
  custom:SearchIndexIgnoredProperties: e643bd26f0fe6173181afceb89e7c659 -> 
  custom:scripting/monoscript/fileName/ProjectProperties.cs: 407063898a13eaad2cd100e43551c6b5 -> 
  custom:AudioImporter_EditorPlatform: d09bf68614088b80899f8185d706f6e7 -> 
  custom:scripting/monoscript/fileName/UnityInstallation.cs: 0ba30d4545f2c34a9323456723b5dbfe -> 
  custom:scripting/monoscript/fileName/VisualStudioForWindowsInstallation.cs: 468ed6fb57813d3de23aa53f5f59c2eb -> 
  custom:scripting/monoscript/fileName/SolutionParser.cs: 240a75b5fc2682997268aa77e6a1dd86 -> 
  custom:scripting/monoscript/fileName/TestAdaptor.cs: 486cec8559bad7c56adc699f165feb67 -> 1eba32971501e8ea77656cefad78e8dd
  custom:scripting/monoscript/fileName/Discovery.cs: 2653aab1b250aaf4e3b996846f31c100 -> 
  custom:scripting/monoscript/fileName/VisualStudioIntegration.cs: f9e623c49f9f20ea97a4519aa48d72d4 -> 
  custom:scripting/monoscript/fileName/FileIOProvider.cs: c6be7d53b71e2f5ee2ecc596b7a7eb95 -> 
  custom:scripting/monoscript/fileName/SdkStyleProjectGeneration.cs: bbd8a39d16aad1a0b8d5240b1f43f4a4 -> 
  custom:video-encoder-webm-vp8: eb34c28f22e8b96e1ab97ce403110664 -> 
  custom:scripting/precompiled-assembly-types:Unity.VSCode.Editor: ce0f8be6c84057ddac8877610b9e6a0a -> 
  custom:audio-decoder-ogg-vorbis: bf7c407c2cedff20999df2af8eb42d56 -> 
  custom:scripting/monoscript/fileName/SolutionProperties.cs: ab8751e49ae2f3d9994444a0a38619bd -> 
  custom:scripting/monoscript/fileName/TestRunnerApiListener.cs: cc17cec8825a8f933d6ecbd68d51f1de -> 
  custom:scripting/monoscript/fileName/AssemblyNameProvider.cs: 8f3a64d69967a91bb401c9c1aabc3827 -> 
  custom:scripting/monoscript/fileName/Serializer.cs: d7df1b97d0a3bd0bb98fd4d2d5bf5d29 -> 
  custom:scripting/monoscript/fileName/Message.cs: 671a789acb2c7a93d0b620fe02979957 -> 8bedd82aba9fbcb31fd5e4f234690efd
  custom:scripting/monoscript/fileName/Deserializer.cs: 1cc72e9ed2428cc6d6ce2d4d2ad7b02b -> 
  custom:scripting/precompiled-assembly-types:Unity.VisualStudio.Editor: 8196c7ff3a716df6975b114b464f1975 -> 
  custom:audio-encoder-webm-vorbis: bf7c407c2cedff20999df2af8eb42d56 -> 
  custom:scripting/monoscript/fileName/TestRunnerCallbacks.cs: 5627cb9f4ed769fba607b0cab8e9e63d -> 
  custom:scripting/monoscript/fileName/AsyncOperation.cs: 90647cc400823b41df847a6cbfc29026 -> 
  custom:scripting/monoscript/fileName/UsageUtility.cs: 5ed3d13206b2b96245ce59a5c83beed1 -> 
  custom:scripting/monoscript/fileName/VisualStudioCodeInstallation.cs: 6b6ec59c4ff0bddfc5db8b3c453d5172 -> 
