Using pre-set license
Built from '2022.3/staging' branch; Version is '2022.3.42f1 (2dcb6a0abc42) revision 3001194'; Using compiler version '192829333'; Build Type 'Release'
OS: 'Windows 10  (10.0.19045) 64bit Core' Language: 'en' Physical Memory: 7739 MB
BatchMode: 1, IsHumanControllingUs: 0, StartBugReporterOnCrash: 0, Is64bit: 1, IsPro: 1

COMMAND LINE ARGUMENTS:
C:\Program Files\Unity\Hub\Editor\2022.3.42f1\Editor\Unity.exe
-adb2
-batchMode
-noUpm
-name
AssetImportWorker0
-projectPath
C:/Users/eveli/OneDrive/Documents/Portfolio/Programming projects/Games/Template/GameJamMcGill2025/Template
-logFile
Logs/AssetImportWorker0.log
-srvPort
53392
Successfully changed project path to: C:/Users/eveli/OneDrive/Documents/Portfolio/Programming projects/Games/Template/GameJamMcGill2025/Template
C:/Users/eveli/OneDrive/Documents/Portfolio/Programming projects/Games/Template/GameJamMcGill2025/Template
[UnityMemory] Configuration Parameters - Can be set up in boot.config
    "memorysetup-bucket-allocator-granularity=16"
    "memorysetup-bucket-allocator-bucket-count=8"
    "memorysetup-bucket-allocator-block-size=33554432"
    "memorysetup-bucket-allocator-block-count=8"
    "memorysetup-main-allocator-block-size=16777216"
    "memorysetup-thread-allocator-block-size=16777216"
    "memorysetup-gfx-main-allocator-block-size=16777216"
    "memorysetup-gfx-thread-allocator-block-size=16777216"
    "memorysetup-cache-allocator-block-size=4194304"
    "memorysetup-typetree-allocator-block-size=2097152"
    "memorysetup-profiler-bucket-allocator-granularity=16"
    "memorysetup-profiler-bucket-allocator-bucket-count=8"
    "memorysetup-profiler-bucket-allocator-block-size=33554432"
    "memorysetup-profiler-bucket-allocator-block-count=8"
    "memorysetup-profiler-allocator-block-size=16777216"
    "memorysetup-profiler-editor-allocator-block-size=1048576"
    "memorysetup-temp-allocator-size-main=16777216"
    "memorysetup-job-temp-allocator-block-size=2097152"
    "memorysetup-job-temp-allocator-block-size-background=1048576"
    "memorysetup-job-temp-allocator-reduction-small-platforms=262144"
    "memorysetup-allocator-temp-initial-block-size-main=262144"
    "memorysetup-allocator-temp-initial-block-size-worker=262144"
    "memorysetup-temp-allocator-size-background-worker=32768"
    "memorysetup-temp-allocator-size-job-worker=262144"
    "memorysetup-temp-allocator-size-preload-manager=33554432"
    "memorysetup-temp-allocator-size-nav-mesh-worker=65536"
    "memorysetup-temp-allocator-size-audio-worker=65536"
    "memorysetup-temp-allocator-size-cloud-worker=32768"
    "memorysetup-temp-allocator-size-gi-baking-worker=262144"
    "memorysetup-temp-allocator-size-gfx=262144"
Player connection [10220]  Target information:

Player connection [10220]  * "[IP] 172.24.49.35 [Port] 0 [Flags] 2 [Guid] 71041934 [EditorId] 71041934 [Version] 1048832 [Id] WindowsEditor(7,DESKTOP-GCC9TVT) [Debug] 1 [PackageName] WindowsEditor [ProjectName] Editor" 

Player connection [10220]  * "[IP] 172.18.6.219 [Port] 0 [Flags] 2 [Guid] 71041934 [EditorId] 71041934 [Version] 1048832 [Id] WindowsEditor(7,DESKTOP-GCC9TVT) [Debug] 1 [PackageName] WindowsEditor [ProjectName] Editor" 

Player connection [10220] Host joined multi-casting on [225.0.0.222:54997]...
Player connection [10220] Host joined alternative multi-casting on [225.0.0.222:34997]...
[PhysX] Initialized MultithreadedTaskDispatcher with 8 workers.
Refreshing native plugins compatible for Editor in 115.75 ms, found 4 plugins.
Preloading 0 native plugins for Editor in 0.00 ms.
Initialize engine version: 2022.3.42f1 (2dcb6a0abc42)
[Subsystems] Discovering subsystems at path C:/Program Files/Unity/Hub/Editor/2022.3.42f1/Editor/Data/Resources/UnitySubsystems
[Subsystems] Discovering subsystems at path C:/Users/eveli/OneDrive/Documents/Portfolio/Programming projects/Games/Template/GameJamMcGill2025/Template/Assets
GfxDevice: creating device client; threaded=0; jobified=0
Direct3D:
    Version:  Direct3D 11.0 [level 11.1]
    Renderer: Intel(R) Iris(R) Xe Graphics (ID=0x9a49)
    Vendor:   Intel
    VRAM:     3869 MB
    Driver:   30.0.101.1960
Initialize mono
Mono path[0] = 'C:/Program Files/Unity/Hub/Editor/2022.3.42f1/Editor/Data/Managed'
Mono path[1] = 'C:/Program Files/Unity/Hub/Editor/2022.3.42f1/Editor/Data/MonoBleedingEdge/lib/mono/unityjit-win32'
Mono config path = 'C:/Program Files/Unity/Hub/Editor/2022.3.42f1/Editor/Data/MonoBleedingEdge/etc'
Using monoOptions --debugger-agent=transport=dt_socket,embedding=1,server=y,suspend=n,address=127.0.0.1:56912
Begin MonoManager ReloadAssembly
Registering precompiled unity dll's ...
Register platform support module: C:/Program Files/Unity/Hub/Editor/2022.3.42f1/Editor/Data/PlaybackEngines/MacStandaloneSupport/UnityEditor.OSXStandalone.Extensions.dll
Register platform support module: C:/Program Files/Unity/Hub/Editor/2022.3.42f1/Editor/Data/PlaybackEngines/iOSSupport/UnityEditor.iOS.Extensions.dll
Register platform support module: C:/Program Files/Unity/Hub/Editor/2022.3.42f1/Editor/Data/PlaybackEngines/WindowsStandaloneSupport/UnityEditor.WindowsStandalone.Extensions.dll
Registered in 0.021368 seconds.
- Loaded All Assemblies, in  0.590 seconds
Native extension for WindowsStandalone target not found
[usbmuxd] Start listen thread
[usbmuxd] Listen thread started
Native extension for iOS target not found
Native extension for OSXStandalone target not found
Mono: successfully reloaded assembly
- Finished resetting the current domain, in  0.373 seconds
Domain Reload Profiling: 962ms
	BeginReloadAssembly (201ms)
		ExecutionOrderSort (0ms)
		DisableScriptedObjects (0ms)
		BackupInstance (0ms)
		ReleaseScriptingObjects (0ms)
		CreateAndSetChildDomain (1ms)
	RebuildCommonClasses (41ms)
	RebuildNativeTypeToScriptingClass (17ms)
	initialDomainReloadingComplete (81ms)
	LoadAllAssembliesAndSetupDomain (247ms)
		LoadAssemblies (199ms)
		RebuildTransferFunctionScriptingTraits (0ms)
		AnalyzeDomain (245ms)
			TypeCache.Refresh (243ms)
				TypeCache.ScanAssembly (225ms)
			ScanForSourceGeneratedMonoScriptInfo (0ms)
			ResolveRequiredComponents (1ms)
	FinalizeReload (375ms)
		ReleaseScriptCaches (0ms)
		RebuildScriptCaches (0ms)
		SetupLoadedEditorAssemblies (308ms)
			LogAssemblyErrors (0ms)
			InitializePlatformSupportModulesInManaged (40ms)
			SetLoadedEditorAssemblies (6ms)
			RefreshPlugins (0ms)
			BeforeProcessingInitializeOnLoad (4ms)
			ProcessInitializeOnLoadAttributes (193ms)
			ProcessInitializeOnLoadMethodAttributes (65ms)
			AfterProcessingInitializeOnLoad (0ms)
			EditorAssembliesLoaded (0ms)
		ExecutionOrderSort2 (0ms)
		AwakeInstancesAfterBackupRestoration (0ms)
========================================================================
Worker process is ready to serve import requests
Caller must complete domain reload
Begin MonoManager ReloadAssembly
- Loaded All Assemblies, in  1.771 seconds
Native extension for WindowsStandalone target not found
Native extension for iOS target not found
Native extension for OSXStandalone target not found
Mono: successfully reloaded assembly
- Finished resetting the current domain, in  2.743 seconds
Domain Reload Profiling: 4514ms
	BeginReloadAssembly (284ms)
		ExecutionOrderSort (0ms)
		DisableScriptedObjects (10ms)
		BackupInstance (0ms)
		ReleaseScriptingObjects (0ms)
		CreateAndSetChildDomain (39ms)
	RebuildCommonClasses (78ms)
	RebuildNativeTypeToScriptingClass (25ms)
	initialDomainReloadingComplete (82ms)
	LoadAllAssembliesAndSetupDomain (1298ms)
		LoadAssemblies (981ms)
		RebuildTransferFunctionScriptingTraits (0ms)
		AnalyzeDomain (479ms)
			TypeCache.Refresh (404ms)
				TypeCache.ScanAssembly (368ms)
			ScanForSourceGeneratedMonoScriptInfo (58ms)
			ResolveRequiredComponents (15ms)
	FinalizeReload (2747ms)
		ReleaseScriptCaches (0ms)
		RebuildScriptCaches (0ms)
		SetupLoadedEditorAssemblies (1893ms)
			LogAssemblyErrors (0ms)
			InitializePlatformSupportModulesInManaged (72ms)
			SetLoadedEditorAssemblies (9ms)
			RefreshPlugins (0ms)
			BeforeProcessingInitializeOnLoad (159ms)
			ProcessInitializeOnLoadAttributes (1563ms)
			ProcessInitializeOnLoadMethodAttributes (74ms)
			AfterProcessingInitializeOnLoad (15ms)
			EditorAssembliesLoaded (1ms)
		ExecutionOrderSort2 (0ms)
		AwakeInstancesAfterBackupRestoration (18ms)
Launched and connected shader compiler UnityShaderCompiler.exe after 0.08 seconds
Refreshing native plugins compatible for Editor in 21.38 ms, found 4 plugins.
Preloading 0 native plugins for Editor in 0.00 ms.
Unloading 4507 Unused Serialized files (Serialized files now loaded: 0)
Unloading 45 unused Assets / (130.1 KB). Loaded Objects now: 4979.
Memory consumption went from 153.8 MB to 153.7 MB.
Total: 7.496900 ms (FindLiveObjects: 0.535900 ms CreateObjectMapping: 0.196100 ms MarkObjects: 5.127200 ms  DeleteObjects: 1.635400 ms)

AssetImportParameters requested are different than current active one (requested -> active):
  custom:container-demuxer-ogg: 62fdf1f143b41e24485cea50d1cbac27 -> 
  custom:video-codec-MediaFoundation-h265: 746d11721c4dcdbdad8f713fa42b33f4 -> 
  custom:video-decoder-ogg-theora: a1e56fd34408186e4bbccfd4996cb3dc -> 
  custom:framework-win-MediaFoundation: 216162199b28c13a410421893ffa2e32 -> 
  custom:CustomObjectIndexerAttribute: 9a22284fe3817be447336de3de66b15e -> 
  custom:container-demuxer-webm: 4f35f7cbe854078d1ac9338744f61a02 -> 
  custom:container-muxer-webm: aa71ff27fc2769a1b78a27578f13a17b -> 
  custom:video-decoder-webm-vp8: 9c59270c3fd7afecdb556c50c9e8de78 -> 
  custom:SearchIndexIgnoredProperties: e643bd26f0fe6173181afceb89e7c659 -> 
  custom:AudioImporter_EditorPlatform: d09bf68614088b80899f8185d706f6e7 -> 
  custom:video-encoder-webm-vp8: eb34c28f22e8b96e1ab97ce403110664 -> 
  custom:audio-decoder-ogg-vorbis: bf7c407c2cedff20999df2af8eb42d56 -> 
  custom:audio-encoder-webm-vorbis: bf7c407c2cedff20999df2af8eb42d56 -> 
========================================================================
Received Import Request.
  Time since last request: 203027.397899 seconds.
  path: Assets/Assets/x-button.png
  artifactKey: Guid(aff61f4a59c520c4ead65837cec8e60e) Importer(815301076,1909f56bfc062723c751e8b465ee728b)
Start importing Assets/Assets/x-button.png using Guid(aff61f4a59c520c4ead65837cec8e60e) Importer(815301076,1909f56bfc062723c751e8b465ee728b) [PhysX] Initialized MultithreadedTaskDispatcher with 8 workers.
[PhysX] Initialized MultithreadedTaskDispatcher with 8 workers.
 -> (artifact id: '3e73956a4dc9604d2b63910c0727e054') in 0.261053 seconds
Number of updated asset objects reloaded before import = 0
Number of asset objects unloaded after import = 3
========================================================================
Received Import Request.
  Time since last request: 0.000094 seconds.
  path: Assets/Assets
  artifactKey: Guid(1ca4e1f10dbd4da48ae72b3440e2e233) Importer(815301076,1909f56bfc062723c751e8b465ee728b)
Start importing Assets/Assets using Guid(1ca4e1f10dbd4da48ae72b3440e2e233) Importer(815301076,1909f56bfc062723c751e8b465ee728b) [PhysX] Initialized MultithreadedTaskDispatcher with 8 workers.
 -> (artifact id: '14f58bb8f5ef1a9bbefd98e67bbf150e') in 0.001913 seconds
Number of updated asset objects reloaded before import = 0
Number of asset objects unloaded after import = 0
========================================================================
Received Import Request.
  Time since last request: 970.732989 seconds.
  path: Assets/Scripts/MainMenu.cs
  artifactKey: Guid(2ce5df65b68a33b4e9ec9a600481d632) Importer(815301076,1909f56bfc062723c751e8b465ee728b)
Start importing Assets/Scripts/MainMenu.cs using Guid(2ce5df65b68a33b4e9ec9a600481d632) Importer(815301076,1909f56bfc062723c751e8b465ee728b) [PhysX] Initialized MultithreadedTaskDispatcher with 8 workers.
 -> (artifact id: '7fbdb3bddc96003c9262d510d31ca73c') in 0.003298 seconds
Number of updated asset objects reloaded before import = 0
Number of asset objects unloaded after import = 0
========================================================================
Received Import Request.
  Time since last request: 261.116966 seconds.
  path: Packages/com.unity.2d.spriteshape/Editor/ObjectMenuCreation/DefaultAssets/Sprite Shapes/Closed Sprite Shape.prefab
  artifactKey: Guid(c0583b4e855c74b8c82e7b9b5efb5ce9) Importer(815301076,1909f56bfc062723c751e8b465ee728b)
Start importing Packages/com.unity.2d.spriteshape/Editor/ObjectMenuCreation/DefaultAssets/Sprite Shapes/Closed Sprite Shape.prefab using Guid(c0583b4e855c74b8c82e7b9b5efb5ce9) Importer(815301076,1909f56bfc062723c751e8b465ee728b) [PhysX] Initialized MultithreadedTaskDispatcher with 8 workers.
[PhysX] Initialized MultithreadedTaskDispatcher with 8 workers.
 -> (artifact id: 'e66cab1fc842e7bb8bbcda8f8fe287d5') in 0.648661 seconds
Number of updated asset objects reloaded before import = 0
Number of asset objects unloaded after import = 14
========================================================================
Received Prepare
Caller must complete domain reload
Begin MonoManager ReloadAssembly
- Loaded All Assemblies, in  4.216 seconds
Native extension for WindowsStandalone target not found
Native extension for iOS target not found
Native extension for OSXStandalone target not found
Mono: successfully reloaded assembly
- Finished resetting the current domain, in  1.414 seconds
Domain Reload Profiling: 5628ms
	BeginReloadAssembly (2645ms)
		ExecutionOrderSort (0ms)
		DisableScriptedObjects (2079ms)
		BackupInstance (0ms)
		ReleaseScriptingObjects (1ms)
		CreateAndSetChildDomain (258ms)
	RebuildCommonClasses (66ms)
	RebuildNativeTypeToScriptingClass (22ms)
	initialDomainReloadingComplete (60ms)
	LoadAllAssembliesAndSetupDomain (1420ms)
		LoadAssemblies (1510ms)
		RebuildTransferFunctionScriptingTraits (0ms)
		AnalyzeDomain (140ms)
			TypeCache.Refresh (57ms)
				TypeCache.ScanAssembly (4ms)
			ScanForSourceGeneratedMonoScriptInfo (62ms)
			ResolveRequiredComponents (19ms)
	FinalizeReload (1414ms)
		ReleaseScriptCaches (0ms)
		RebuildScriptCaches (0ms)
		SetupLoadedEditorAssemblies (1031ms)
			LogAssemblyErrors (0ms)
			InitializePlatformSupportModulesInManaged (55ms)
			SetLoadedEditorAssemblies (13ms)
			RefreshPlugins (0ms)
			BeforeProcessingInitializeOnLoad (130ms)
			ProcessInitializeOnLoadAttributes (745ms)
			ProcessInitializeOnLoadMethodAttributes (75ms)
			AfterProcessingInitializeOnLoad (13ms)
			EditorAssembliesLoaded (1ms)
		ExecutionOrderSort2 (0ms)
		AwakeInstancesAfterBackupRestoration (31ms)
Refreshing native plugins compatible for Editor in 8.25 ms, found 4 plugins.
Preloading 0 native plugins for Editor in 0.00 ms.
Unloading 4527 Unused Serialized files (Serialized files now loaded: 0)
Unloading 19 unused Assets / (101.9 KB). Loaded Objects now: 5053.
Memory consumption went from 153.4 MB to 153.3 MB.
Total: 8.562600 ms (FindLiveObjects: 0.795400 ms CreateObjectMapping: 0.418700 ms MarkObjects: 7.182200 ms  DeleteObjects: 0.162800 ms)

Prepare: number of updated asset objects reloaded= 0
AssetImportParameters requested are different than current active one (requested -> active):
  custom:scripting/monoscript/fileName/UdpSocket.cs: 7555d065f81d23e6604acb91cf79ddd6 -> 
  custom:scripting/monoscript/fileName/Image.cs: f32195bbbc1ca9edcb6c8c6185597e40 -> dab426e5f5622a0f37965b80d0c94886
  custom:scripting/monoscript/fileName/Cli.cs: d287e08b50f2cb135aa4d7f8e01b7ef9 -> 
  custom:scripting/monoscript/fileName/KnownAssemblies.cs: 286bea9f8fcee5e392f6fc0f0cd541c8 -> 
  custom:scripting/monoscript/fileName/SimpleJSON.cs: 70c028a07c79c166db015acda1282d86 -> 
  custom:container-demuxer-ogg: 62fdf1f143b41e24485cea50d1cbac27 -> 
  custom:scripting/monoscript/fileName/SolutionProjectEntry.cs: 68cea09e9af09443edf61e18806ac1c2 -> 
  custom:scripting/monoscript/fileName/TcpListener.cs: 940bfdac0e91ad2884e6359468f2782a -> 
  custom:scripting/monoscript/fileName/TcpClient.cs: a949cfd4c46427829913ee0195fa0103 -> 
  custom:video-codec-MediaFoundation-h265: 746d11721c4dcdbdad8f713fa42b33f4 -> 
  custom:scripting/monoscript/fileName/LegacyStyleProjectGeneration.cs: 4858a0ab74312ccaa3ff27a510a9d575 -> 
  custom:scripting/monoscript/fileName/FileUtility.cs: 2d70b80c72be1fb3b2b89ce0939e8cef -> f1c9dfcabbfb8a9ef4a7dc54d85584c3
  custom:video-decoder-ogg-theora: a1e56fd34408186e4bbccfd4996cb3dc -> 
  custom:framework-win-MediaFoundation: 216162199b28c13a410421893ffa2e32 -> 
  custom:scripting/monoscript/fileName/Messenger.cs: f4ebc46d09b2b4de489946914db2aae0 -> 
  custom:scripting/monoscript/fileName/ProcessRunner.cs: 932a2a80cb9a3539199f645deff3c585 -> 
  custom:scripting/monoscript/fileName/ExceptionEventArgs.cs: 27cb4c00a4137b184e01164606c88685 -> 
  custom:scripting/monoscript/fileName/ProjectGeneration.cs: 214ca3c28296f47a7d19f1fd999fc81d -> 
  custom:scripting/monoscript/fileName/Symbols.cs: 27613575e8bda8a6448f80ff27c488f9 -> 
  custom:scripting/monoscript/fileName/VersionPair.cs: 88b4a0b7e953537f26ded0a68cf4c238 -> 
  custom:CustomObjectIndexerAttribute: 9a22284fe3817be447336de3de66b15e -> 
  custom:scripting/monoscript/fileName/TestResultAdaptor.cs: fb4db3971d5379750cda884e7e44e3e4 -> 01f13b05c54997e79e13f4344e180695
  custom:scripting/monoscript/fileName/VisualStudioEditor.cs: 21e59f688ad500ab61aca318850ec505 -> 
  custom:scripting/monoscript/fileName/VisualStudioInstallation.cs: 41612f13db7783c8635801ab159c1079 -> 
  custom:container-demuxer-webm: 4f35f7cbe854078d1ac9338744f61a02 -> 
  custom:scripting/monoscript/fileName/Solution.cs: 8bc97d0abd509f39b67b3a5bbac1b9a1 -> 
  custom:scripting/monoscript/fileName/GUIDProvider.cs: e95f79fad3d1354cc56eebd7db9ee6a3 -> 
  custom:container-muxer-webm: aa71ff27fc2769a1b78a27578f13a17b -> 
  custom:video-decoder-webm-vp8: 9c59270c3fd7afecdb556c50c9e8de78 -> 
  custom:scripting/monoscript/fileName/MessageEventArgs.cs: 528473bbcee3623fe954627c6bfadd2e -> 
  custom:SearchIndexIgnoredProperties: e643bd26f0fe6173181afceb89e7c659 -> 
  custom:scripting/monoscript/fileName/ProjectProperties.cs: 407063898a13eaad2cd100e43551c6b5 -> 
  custom:AudioImporter_EditorPlatform: d09bf68614088b80899f8185d706f6e7 -> 
  custom:scripting/monoscript/fileName/UnityInstallation.cs: 0ba30d4545f2c34a9323456723b5dbfe -> 
  custom:scripting/monoscript/fileName/VisualStudioForWindowsInstallation.cs: 468ed6fb57813d3de23aa53f5f59c2eb -> 
  custom:scripting/monoscript/fileName/SolutionParser.cs: 240a75b5fc2682997268aa77e6a1dd86 -> 
  custom:scripting/monoscript/fileName/TestAdaptor.cs: 486cec8559bad7c56adc699f165feb67 -> 1eba32971501e8ea77656cefad78e8dd
  custom:scripting/monoscript/fileName/Discovery.cs: 2653aab1b250aaf4e3b996846f31c100 -> 
  custom:scripting/monoscript/fileName/VisualStudioIntegration.cs: f9e623c49f9f20ea97a4519aa48d72d4 -> 
  custom:scripting/monoscript/fileName/FileIOProvider.cs: c6be7d53b71e2f5ee2ecc596b7a7eb95 -> 
  custom:scripting/monoscript/fileName/SdkStyleProjectGeneration.cs: bbd8a39d16aad1a0b8d5240b1f43f4a4 -> 
  custom:video-encoder-webm-vp8: eb34c28f22e8b96e1ab97ce403110664 -> 
  custom:audio-decoder-ogg-vorbis: bf7c407c2cedff20999df2af8eb42d56 -> 
  custom:scripting/monoscript/fileName/SolutionProperties.cs: ab8751e49ae2f3d9994444a0a38619bd -> 
  custom:scripting/monoscript/fileName/TestRunnerApiListener.cs: cc17cec8825a8f933d6ecbd68d51f1de -> 
  custom:scripting/monoscript/fileName/AssemblyNameProvider.cs: 79a56fbd4fb93531a5e76fae2fee1660 -> 
  custom:scripting/monoscript/fileName/Serializer.cs: d7df1b97d0a3bd0bb98fd4d2d5bf5d29 -> 
  custom:scripting/monoscript/fileName/Message.cs: 671a789acb2c7a93d0b620fe02979957 -> 8bedd82aba9fbcb31fd5e4f234690efd
  custom:scripting/monoscript/fileName/Deserializer.cs: 1cc72e9ed2428cc6d6ce2d4d2ad7b02b -> 
  custom:scripting/precompiled-assembly-types:Unity.VisualStudio.Editor: 8196c7ff3a716df6975b114b464f1975 -> 
  custom:audio-encoder-webm-vorbis: bf7c407c2cedff20999df2af8eb42d56 -> 
  custom:scripting/monoscript/fileName/TestRunnerCallbacks.cs: 5627cb9f4ed769fba607b0cab8e9e63d -> 
  custom:scripting/monoscript/fileName/AsyncOperation.cs: 90647cc400823b41df847a6cbfc29026 -> 
  custom:scripting/monoscript/fileName/UsageUtility.cs: 5ed3d13206b2b96245ce59a5c83beed1 -> 
  custom:scripting/monoscript/fileName/VisualStudioCodeInstallation.cs: 6b6ec59c4ff0bddfc5db8b3c453d5172 -> 
========================================================================
Received Import Request.
  Time since last request: 208.964999 seconds.
  path: Assets/Scripts
  artifactKey: Guid(4c7ebf9f01b497f418e6a9f6ef6a4fce) Importer(815301076,1909f56bfc062723c751e8b465ee728b)
Start importing Assets/Scripts using Guid(4c7ebf9f01b497f418e6a9f6ef6a4fce) Importer(815301076,1909f56bfc062723c751e8b465ee728b) [PhysX] Initialized MultithreadedTaskDispatcher with 8 workers.
 -> (artifact id: '8d2f445013809798742c04fc11d34243') in 0.003451 seconds
Number of updated asset objects reloaded before import = 0
Number of asset objects unloaded after import = 0
========================================================================
Received Import Request.
  Time since last request: 473.024252 seconds.
  path: Packages/com.unity.ugui/package.json
  artifactKey: Guid(319b8889f363f5947acf209c17a94149) Importer(815301076,1909f56bfc062723c751e8b465ee728b)
Start importing Packages/com.unity.ugui/package.json using Guid(319b8889f363f5947acf209c17a94149) Importer(815301076,1909f56bfc062723c751e8b465ee728b) [PhysX] Initialized MultithreadedTaskDispatcher with 8 workers.
 -> (artifact id: 'dfddb1fa6e8d59d992e092cbe57c55d0') in 0.035464 seconds
Number of updated asset objects reloaded before import = 0
Number of asset objects unloaded after import = 1
========================================================================
Received Prepare
Caller must complete domain reload
Begin MonoManager ReloadAssembly
- Loaded All Assemblies, in  1.032 seconds
Native extension for WindowsStandalone target not found
Native extension for iOS target not found
Native extension for OSXStandalone target not found
Mono: successfully reloaded assembly
- Finished resetting the current domain, in  2.997 seconds
Domain Reload Profiling: 4025ms
	BeginReloadAssembly (303ms)
		ExecutionOrderSort (0ms)
		DisableScriptedObjects (19ms)
		BackupInstance (0ms)
		ReleaseScriptingObjects (0ms)
		CreateAndSetChildDomain (60ms)
	RebuildCommonClasses (49ms)
	RebuildNativeTypeToScriptingClass (22ms)
	initialDomainReloadingComplete (50ms)
	LoadAllAssembliesAndSetupDomain (602ms)
		LoadAssemblies (714ms)
		RebuildTransferFunctionScriptingTraits (0ms)
		AnalyzeDomain (63ms)
			TypeCache.Refresh (16ms)
				TypeCache.ScanAssembly (1ms)
			ScanForSourceGeneratedMonoScriptInfo (28ms)
			ResolveRequiredComponents (16ms)
	FinalizeReload (2998ms)
		ReleaseScriptCaches (0ms)
		RebuildScriptCaches (0ms)
		SetupLoadedEditorAssemblies (839ms)
			LogAssemblyErrors (0ms)
			InitializePlatformSupportModulesInManaged (42ms)
			SetLoadedEditorAssemblies (5ms)
			RefreshPlugins (0ms)
			BeforeProcessingInitializeOnLoad (102ms)
			ProcessInitializeOnLoadAttributes (625ms)
			ProcessInitializeOnLoadMethodAttributes (54ms)
			AfterProcessingInitializeOnLoad (10ms)
			EditorAssembliesLoaded (0ms)
		ExecutionOrderSort2 (0ms)
		AwakeInstancesAfterBackupRestoration (18ms)
Refreshing native plugins compatible for Editor in 6.72 ms, found 4 plugins.
Preloading 0 native plugins for Editor in 0.00 ms.
Unloading 4535 Unused Serialized files (Serialized files now loaded: 0)
Unloading 19 unused Assets / (101.9 KB). Loaded Objects now: 5077.
Memory consumption went from 153.6 MB to 153.5 MB.
Total: 6.179200 ms (FindLiveObjects: 0.371500 ms CreateObjectMapping: 0.181300 ms MarkObjects: 5.548400 ms  DeleteObjects: 0.076600 ms)

Prepare: number of updated asset objects reloaded= 0
AssetImportParameters requested are different than current active one (requested -> active):
  custom:scripting/monoscript/fileName/UdpSocket.cs: 7555d065f81d23e6604acb91cf79ddd6 -> 
  custom:scripting/monoscript/fileName/Image.cs: f32195bbbc1ca9edcb6c8c6185597e40 -> dab426e5f5622a0f37965b80d0c94886
  custom:scripting/monoscript/fileName/Cli.cs: d287e08b50f2cb135aa4d7f8e01b7ef9 -> 
  custom:scripting/monoscript/fileName/KnownAssemblies.cs: 286bea9f8fcee5e392f6fc0f0cd541c8 -> 
  custom:scripting/monoscript/fileName/SimpleJSON.cs: 70c028a07c79c166db015acda1282d86 -> 
  custom:container-demuxer-ogg: 62fdf1f143b41e24485cea50d1cbac27 -> 
  custom:scripting/monoscript/fileName/SolutionProjectEntry.cs: 68cea09e9af09443edf61e18806ac1c2 -> 
  custom:scripting/monoscript/fileName/TcpListener.cs: 940bfdac0e91ad2884e6359468f2782a -> 
  custom:scripting/monoscript/fileName/TcpClient.cs: a949cfd4c46427829913ee0195fa0103 -> 
  custom:video-codec-MediaFoundation-h265: 746d11721c4dcdbdad8f713fa42b33f4 -> 
  custom:scripting/monoscript/fileName/LegacyStyleProjectGeneration.cs: 4858a0ab74312ccaa3ff27a510a9d575 -> 
  custom:scripting/monoscript/fileName/FileUtility.cs: 2d70b80c72be1fb3b2b89ce0939e8cef -> f1c9dfcabbfb8a9ef4a7dc54d85584c3
  custom:video-decoder-ogg-theora: a1e56fd34408186e4bbccfd4996cb3dc -> 
  custom:framework-win-MediaFoundation: 216162199b28c13a410421893ffa2e32 -> 
  custom:scripting/monoscript/fileName/VSCodeScriptEditor.cs: 976f19e81f1a1748ecd5ce0eeab6e373 -> 
  custom:scripting/monoscript/fileName/Messenger.cs: f4ebc46d09b2b4de489946914db2aae0 -> 
  custom:scripting/monoscript/fileName/ProcessRunner.cs: 932a2a80cb9a3539199f645deff3c585 -> 
  custom:scripting/monoscript/fileName/ExceptionEventArgs.cs: 27cb4c00a4137b184e01164606c88685 -> 
  custom:scripting/monoscript/fileName/FileIO.cs: e12d7b1846fe00e4e229609939e0062b -> 
  custom:scripting/monoscript/fileName/ProjectGeneration.cs: b9f6284f948e0370cd7063e722924830 -> 
  custom:scripting/monoscript/fileName/Symbols.cs: 27613575e8bda8a6448f80ff27c488f9 -> 
  custom:scripting/monoscript/fileName/VersionPair.cs: 88b4a0b7e953537f26ded0a68cf4c238 -> 
  custom:scripting/monoscript/fileName/GUIDGenerator.cs: 6dd6e35608006bcfade7642e5de04c6b -> 
  custom:CustomObjectIndexerAttribute: 9a22284fe3817be447336de3de66b15e -> 
  custom:scripting/monoscript/fileName/TestResultAdaptor.cs: fb4db3971d5379750cda884e7e44e3e4 -> 01f13b05c54997e79e13f4344e180695
  custom:scripting/monoscript/fileName/VisualStudioEditor.cs: 21e59f688ad500ab61aca318850ec505 -> 
  custom:scripting/monoscript/fileName/VisualStudioInstallation.cs: 41612f13db7783c8635801ab159c1079 -> 
  custom:container-demuxer-webm: 4f35f7cbe854078d1ac9338744f61a02 -> 
  custom:scripting/monoscript/fileName/StringUtils.cs: f71839f7ce56b3794c992a841905b26c -> 
  custom:scripting/monoscript/fileName/Solution.cs: 8bc97d0abd509f39b67b3a5bbac1b9a1 -> 
  custom:scripting/monoscript/fileName/VSCodeDiscovery.cs: d83b4aff57b85f583bfc60cfbb7e527e -> 
  custom:scripting/monoscript/fileName/GUIDProvider.cs: e95f79fad3d1354cc56eebd7db9ee6a3 -> 
  custom:container-muxer-webm: aa71ff27fc2769a1b78a27578f13a17b -> 
  custom:video-decoder-webm-vp8: 9c59270c3fd7afecdb556c50c9e8de78 -> 
  custom:scripting/monoscript/fileName/MessageEventArgs.cs: 528473bbcee3623fe954627c6bfadd2e -> 
  custom:SearchIndexIgnoredProperties: e643bd26f0fe6173181afceb89e7c659 -> 
  custom:scripting/monoscript/fileName/ProjectProperties.cs: 407063898a13eaad2cd100e43551c6b5 -> 
  custom:AudioImporter_EditorPlatform: d09bf68614088b80899f8185d706f6e7 -> 
  custom:scripting/monoscript/fileName/UnityInstallation.cs: 0ba30d4545f2c34a9323456723b5dbfe -> 
  custom:scripting/monoscript/fileName/VisualStudioForWindowsInstallation.cs: 468ed6fb57813d3de23aa53f5f59c2eb -> 
  custom:scripting/monoscript/fileName/SolutionParser.cs: 240a75b5fc2682997268aa77e6a1dd86 -> 
  custom:scripting/monoscript/fileName/TestAdaptor.cs: 486cec8559bad7c56adc699f165feb67 -> 1eba32971501e8ea77656cefad78e8dd
  custom:scripting/monoscript/fileName/Discovery.cs: 2653aab1b250aaf4e3b996846f31c100 -> 
  custom:scripting/monoscript/fileName/VisualStudioIntegration.cs: f9e623c49f9f20ea97a4519aa48d72d4 -> 
  custom:scripting/monoscript/fileName/FileIOProvider.cs: c6be7d53b71e2f5ee2ecc596b7a7eb95 -> 
  custom:scripting/monoscript/fileName/SdkStyleProjectGeneration.cs: bbd8a39d16aad1a0b8d5240b1f43f4a4 -> 
  custom:video-encoder-webm-vp8: eb34c28f22e8b96e1ab97ce403110664 -> 
  custom:scripting/precompiled-assembly-types:Unity.VSCode.Editor: ce0f8be6c84057ddac8877610b9e6a0a -> 
  custom:audio-decoder-ogg-vorbis: bf7c407c2cedff20999df2af8eb42d56 -> 
  custom:scripting/monoscript/fileName/SolutionProperties.cs: ab8751e49ae2f3d9994444a0a38619bd -> 
  custom:scripting/monoscript/fileName/TestRunnerApiListener.cs: cc17cec8825a8f933d6ecbd68d51f1de -> 
  custom:scripting/monoscript/fileName/AssemblyNameProvider.cs: 8f3a64d69967a91bb401c9c1aabc3827 -> 
  custom:scripting/monoscript/fileName/Serializer.cs: d7df1b97d0a3bd0bb98fd4d2d5bf5d29 -> 
  custom:scripting/monoscript/fileName/Message.cs: 671a789acb2c7a93d0b620fe02979957 -> 8bedd82aba9fbcb31fd5e4f234690efd
  custom:scripting/monoscript/fileName/Deserializer.cs: 1cc72e9ed2428cc6d6ce2d4d2ad7b02b -> 
  custom:scripting/precompiled-assembly-types:Unity.VisualStudio.Editor: 8196c7ff3a716df6975b114b464f1975 -> 
  custom:audio-encoder-webm-vorbis: bf7c407c2cedff20999df2af8eb42d56 -> 
  custom:scripting/monoscript/fileName/TestRunnerCallbacks.cs: 5627cb9f4ed769fba607b0cab8e9e63d -> 
  custom:scripting/monoscript/fileName/AsyncOperation.cs: 90647cc400823b41df847a6cbfc29026 -> 
  custom:scripting/monoscript/fileName/UsageUtility.cs: 5ed3d13206b2b96245ce59a5c83beed1 -> 
  custom:scripting/monoscript/fileName/VisualStudioCodeInstallation.cs: 6b6ec59c4ff0bddfc5db8b3c453d5172 -> 
